/Users/elitalon/Facultad/nessie/reconocimiento/trunk/inc/Partitioner.h:18: Warning: Compound Partitioner is not documented.
/Users/elitalon/Facultad/nessie/reconocimiento/trunk/inc/Recognizer.h:23: Warning: Compound Recognizer is not documented.
/Users/elitalon/Facultad/nessie/reconocimiento/trunk/inc/Preprocessor.h:16: Warning: Compound Preprocessor is not documented.
/Users/elitalon/Facultad/nessie/reconocimiento/trunk/inc/Shape.h:16: Warning: Compound Shape is not documented.
/Users/elitalon/Facultad/nessie/reconocimiento/trunk/inc/FeatureVector.h:16: Warning: Compound FeatureVector is not documented.
/Users/elitalon/Facultad/nessie/reconocimiento/trunk/inc/Classifier.h:19: Warning: Compound Classifier is not documented.
/Users/elitalon/Facultad/nessie/reconocimiento/trunk/src/Clip.cpp:9: Warning: parameters of member Clip::Clip are not (all) documented
/Users/elitalon/Facultad/nessie/reconocimiento/trunk/src/Clip.cpp:126: Warning: parameters of member Clip::xOrigin are not (all) documented
/Users/elitalon/Facultad/nessie/reconocimiento/trunk/src/Clip.cpp:154: Warning: parameters of member Clip::yOrigin are not (all) documented
/Users/elitalon/Facultad/nessie/reconocimiento/trunk/src/Clip.cpp:182: Warning: parameters of member Clip::height are not (all) documented
/Users/elitalon/Facultad/nessie/reconocimiento/trunk/src/Clip.cpp:209: Warning: parameters of member Clip::width are not (all) documented
/Users/elitalon/Facultad/nessie/reconocimiento/trunk/src/Clip.cpp:238: Warning: parameters of member Clip::colorspace are not (all) documented
/Users/elitalon/Facultad/nessie/reconocimiento/trunk/src/Clip.cpp:332: Warning: parameters of member Clip::getPixel are not (all) documented
/Users/elitalon/Facultad/nessie/reconocimiento/trunk/src/Clip.cpp:381: Warning: parameters of member Clip::setPixel are not (all) documented
/Users/elitalon/Facultad/nessie/reconocimiento/trunk/src/Clip.cpp:423: Warning: parameters of member Clip::setPixel are not (all) documented
/Users/elitalon/Facultad/nessie/reconocimiento/trunk/src/Clip.cpp:465: Warning: parameters of member Clip::setPixel are not (all) documented
/Users/elitalon/Facultad/nessie/reconocimiento/trunk/src/NessieException.cpp:9: Warning: parameters of member NessieException::NessieException are not (all) documented
/Users/elitalon/Facultad/nessie/reconocimiento/trunk/src/Pixel.cpp:8: Warning: parameters of member Pixel::Pixel are not (all) documented
/Users/elitalon/Facultad/nessie/reconocimiento/trunk/src/Pixel.cpp:22: Warning: parameters of member Pixel::Pixel are not (all) documented
/Users/elitalon/Facultad/nessie/reconocimiento/trunk/src/Pixel.cpp:37: Warning: parameters of member Pixel::Pixel are not (all) documented
/Users/elitalon/Facultad/nessie/reconocimiento/trunk/src/Pixel.cpp:114: Warning: parameters of member Pixel::grayLevel are not (all) documented
/Users/elitalon/Facultad/nessie/reconocimiento/trunk/src/Pixel.cpp:142: Warning: parameters of member Pixel::red are not (all) documented
/Users/elitalon/Facultad/nessie/reconocimiento/trunk/src/Pixel.cpp:163: Warning: parameters of member Pixel::green are not (all) documented
/Users/elitalon/Facultad/nessie/reconocimiento/trunk/src/Pixel.cpp:184: Warning: parameters of member Pixel::blue are not (all) documented
/Users/elitalon/Facultad/nessie/reconocimiento/trunk/src/Pixel.cpp:235: Warning: parameters of member Pixel::setColor are not (all) documented
/Users/elitalon/Facultad/nessie/reconocimiento/trunk/src/Pixel.cpp:295: Warning: parameters of member Pixel::isForeground are not (all) documented
/Users/elitalon/Facultad/nessie/reconocimiento/trunk/src/RgbColor.cpp:21: Warning: parameters of member RgbColor::RgbColor are not (all) documented
/Users/elitalon/Facultad/nessie/reconocimiento/trunk/src/Style.cpp:21: Warning: parameters of member Style::Style are not (all) documented
/Users/elitalon/Facultad/nessie/reconocimiento/trunk/src/Style.cpp:155: Warning: parameters of member Style::size are not (all) documented
/Users/elitalon/Facultad/nessie/reconocimiento/trunk/src/Style.cpp:179: Warning: parameters of member Style::color are not (all) documented
/Users/elitalon/Facultad/nessie/reconocimiento/trunk/src/Style.cpp:191: Warning: parameters of member Style::color are not (all) documented
/Users/elitalon/Facultad/nessie/reconocimiento/trunk/src/Style.cpp:217: Warning: parameters of member Style::weight are not (all) documented
/Users/elitalon/Facultad/nessie/reconocimiento/trunk/src/Text.cpp:22: Warning: parameters of member Text::Text are not (all) documented
/Users/elitalon/Facultad/nessie/reconocimiento/trunk/src/Text.cpp:38: Warning: parameters of member Text::Text are not (all) documented
/Users/elitalon/Facultad/nessie/reconocimiento/trunk/src/Text.cpp:153: Warning: parameters of member Text::addCharacter are not (all) documented
/Users/elitalon/Facultad/nessie/reconocimiento/trunk/src/Text.cpp:138: Warning: parameters of member Text::addCharacter are not (all) documented
/Users/elitalon/Facultad/nessie/reconocimiento/trunk/src/Text.cpp:117: Warning: parameters of member Text::addCharacter are not (all) documented
/Users/elitalon/Facultad/nessie/reconocimiento/trunk/src/Text.cpp:65: Warning: parameters of member Text::addCharacter are not (all) documented
/Users/elitalon/Facultad/nessie/reconocimiento/trunk/src/Text.cpp:166: Warning: parameters of member Text::removeCharacter are not (all) documented
/Users/elitalon/Facultad/nessie/reconocimiento/trunk/src/Text.cpp:204: Warning: parameters of member Text::getCharacterStyle are not (all) documented
/Users/elitalon/Facultad/nessie/reconocimiento/trunk/src/Text.cpp:222: Warning: parameters of member Text::setCharacterStyle are not (all) documented
/Users/elitalon/Facultad/nessie/reconocimiento/trunk/src/Text.cpp:248: Warning: parameters of member Text::content are not (all) documented
/Users/elitalon/Facultad/nessie/reconocimiento/trunk/src/Text.cpp:274: Warning: parameters of member Text::styles are not (all) documented
/Users/elitalon/Facultad/nessie/reconocimiento/trunk/src/Text.cpp:322: Warning: parameters of member Text::proportionality are not (all) documented
/Users/elitalon/Facultad/nessie/reconocimiento/trunk/src/Text.cpp:334: Warning: parameters of member Text::updateWordRate are not (all) documented
/Users/elitalon/Facultad/nessie/reconocimiento/trunk/src/Text.cpp:382: Warning: parameters of member Text::tokenize are not (all) documented
