\BOOKMARK [0][-]{chapter.1}{\376\377\000D\000i\000r\000e\000c\000t\000o\000r\000y\000\040\000H\000i\000e\000r\000a\000r\000c\000h\000y}{}
\BOOKMARK [1][-]{section.1.1}{\376\377\000D\000i\000r\000e\000c\000t\000o\000r\000i\000e\000s}{chapter.1}
\BOOKMARK [0][-]{chapter.2}{\376\377\000D\000a\000t\000a\000\040\000S\000t\000r\000u\000c\000t\000u\000r\000e\000\040\000I\000n\000d\000e\000x}{}
\BOOKMARK [1][-]{section.2.1}{\376\377\000D\000a\000t\000a\000\040\000S\000t\000r\000u\000c\000t\000u\000r\000e\000s}{chapter.2}
\BOOKMARK [0][-]{chapter.3}{\376\377\000F\000i\000l\000e\000\040\000I\000n\000d\000e\000x}{}
\BOOKMARK [1][-]{section.3.1}{\376\377\000F\000i\000l\000e\000\040\000L\000i\000s\000t}{chapter.3}
\BOOKMARK [0][-]{chapter.4}{\376\377\000D\000i\000r\000e\000c\000t\000o\000r\000y\000\040\000D\000o\000c\000u\000m\000e\000n\000t\000a\000t\000i\000o\000n}{}
\BOOKMARK [1][-]{section.4.1}{\376\377\000i\000n\000c\000/\000\040\000D\000i\000r\000e\000c\000t\000o\000r\000y\000\040\000R\000e\000f\000e\000r\000e\000n\000c\000e}{chapter.4}
\BOOKMARK [1][-]{section.4.2}{\376\377\000s\000r\000c\000/\000\040\000D\000i\000r\000e\000c\000t\000o\000r\000y\000\040\000R\000e\000f\000e\000r\000e\000n\000c\000e}{chapter.4}
\BOOKMARK [0][-]{chapter.5}{\376\377\000D\000a\000t\000a\000\040\000S\000t\000r\000u\000c\000t\000u\000r\000e\000\040\000D\000o\000c\000u\000m\000e\000n\000t\000a\000t\000i\000o\000n}{}
\BOOKMARK [1][-]{section.5.1}{\376\377\000C\000l\000i\000p\000\040\000C\000l\000a\000s\000s\000\040\000R\000e\000f\000e\000r\000e\000n\000c\000e}{chapter.5}
\BOOKMARK [2][-]{subsection.5.1.1}{\376\377\000D\000e\000t\000a\000i\000l\000e\000d\000\040\000D\000e\000s\000c\000r\000i\000p\000t\000i\000o\000n}{section.5.1}
\BOOKMARK [2][-]{subsection.5.1.2}{\376\377\000C\000o\000n\000s\000t\000r\000u\000c\000t\000o\000r\000\040\000\046\000\040\000D\000e\000s\000t\000r\000u\000c\000t\000o\000r\000\040\000D\000o\000c\000u\000m\000e\000n\000t\000a\000t\000i\000o\000n}{section.5.1}
\BOOKMARK [3][-]{subsubsection.5.1.2.1}{\376\377\000C\000l\000i\000p}{subsection.5.1.2}
\BOOKMARK [3][-]{subsubsection.5.1.2.2}{\376\377\000C\000l\000i\000p}{subsection.5.1.2}
\BOOKMARK [2][-]{subsection.5.1.3}{\376\377\000M\000e\000m\000b\000e\000r\000\040\000F\000u\000n\000c\000t\000i\000o\000n\000\040\000D\000o\000c\000u\000m\000e\000n\000t\000a\000t\000i\000o\000n}{section.5.1}
\BOOKMARK [3][-]{subsubsection.5.1.3.1}{\376\377\000g\000e\000t\000I\000m\000a\000g\000e}{subsection.5.1.3}
\BOOKMARK [3][-]{subsubsection.5.1.3.2}{\376\377\000s\000e\000t\000I\000m\000a\000g\000e}{subsection.5.1.3}
\BOOKMARK [3][-]{subsubsection.5.1.3.3}{\376\377\000g\000e\000t\000X\000O\000r\000i\000g\000i\000n}{subsection.5.1.3}
\BOOKMARK [3][-]{subsubsection.5.1.3.4}{\376\377\000s\000e\000t\000X\000O\000r\000i\000g\000i\000n}{subsection.5.1.3}
\BOOKMARK [3][-]{subsubsection.5.1.3.5}{\376\377\000g\000e\000t\000Y\000O\000r\000i\000g\000i\000n}{subsection.5.1.3}
\BOOKMARK [3][-]{subsubsection.5.1.3.6}{\376\377\000s\000e\000t\000Y\000O\000r\000i\000g\000i\000n}{subsection.5.1.3}
\BOOKMARK [3][-]{subsubsection.5.1.3.7}{\376\377\000g\000e\000t\000H\000e\000i\000g\000h\000t}{subsection.5.1.3}
\BOOKMARK [3][-]{subsubsection.5.1.3.8}{\376\377\000s\000e\000t\000H\000e\000i\000g\000h\000t}{subsection.5.1.3}
\BOOKMARK [3][-]{subsubsection.5.1.3.9}{\376\377\000g\000e\000t\000W\000i\000d\000t\000h}{subsection.5.1.3}
\BOOKMARK [3][-]{subsubsection.5.1.3.10}{\376\377\000s\000e\000t\000W\000i\000d\000t\000h}{subsection.5.1.3}
\BOOKMARK [3][-]{subsubsection.5.1.3.11}{\376\377\000g\000e\000t\000C\000o\000l\000o\000r\000s\000p\000a\000c\000e}{subsection.5.1.3}
\BOOKMARK [3][-]{subsubsection.5.1.3.12}{\376\377\000s\000e\000t\000C\000o\000l\000o\000r\000s\000p\000a\000c\000e}{subsection.5.1.3}
\BOOKMARK [3][-]{subsubsection.5.1.3.13}{\376\377\000i\000s\000G\000r\000a\000y\000s\000c\000a\000l\000e}{subsection.5.1.3}
\BOOKMARK [3][-]{subsubsection.5.1.3.14}{\376\377\000i\000s\000C\000o\000l\000o\000r}{subsection.5.1.3}
\BOOKMARK [3][-]{subsubsection.5.1.3.15}{\376\377\000i\000s\000M\000o\000n\000o\000c\000h\000r\000o\000m\000a\000t\000i\000c}{subsection.5.1.3}
\BOOKMARK [3][-]{subsubsection.5.1.3.16}{\376\377\000g\000e\000t\000P\000i\000x\000e\000l}{subsection.5.1.3}
\BOOKMARK [3][-]{subsubsection.5.1.3.17}{\376\377\000s\000e\000t\000P\000i\000x\000e\000l}{subsection.5.1.3}
\BOOKMARK [3][-]{subsubsection.5.1.3.18}{\376\377\000s\000e\000t\000P\000i\000x\000e\000l}{subsection.5.1.3}
\BOOKMARK [3][-]{subsubsection.5.1.3.19}{\376\377\000s\000e\000t\000P\000i\000x\000e\000l}{subsection.5.1.3}
\BOOKMARK [2][-]{subsection.5.1.4}{\376\377\000F\000i\000e\000l\000d\000\040\000D\000o\000c\000u\000m\000e\000n\000t\000a\000t\000i\000o\000n}{section.5.1}
\BOOKMARK [3][-]{subsubsection.5.1.4.1}{\376\377\000c\000o\000l\000o\000r\000s\000p\000a\000c\000e\000\137}{subsection.5.1.4}
\BOOKMARK [3][-]{subsubsection.5.1.4.2}{\376\377\000f\000r\000a\000m\000e\000\137}{subsection.5.1.4}
\BOOKMARK [3][-]{subsubsection.5.1.4.3}{\376\377\000o\000r\000i\000g\000i\000n\000P\000i\000x\000e\000l\000\137}{subsection.5.1.4}
\BOOKMARK [1][-]{section.5.2}{\376\377\000F\000o\000n\000t\000C\000o\000l\000o\000r\000\040\000S\000t\000r\000u\000c\000t\000\040\000R\000e\000f\000e\000r\000e\000n\000c\000e}{chapter.5}
\BOOKMARK [2][-]{subsection.5.2.1}{\376\377\000D\000e\000t\000a\000i\000l\000e\000d\000\040\000D\000e\000s\000c\000r\000i\000p\000t\000i\000o\000n}{section.5.2}
\BOOKMARK [2][-]{subsection.5.2.2}{\376\377\000C\000o\000n\000s\000t\000r\000u\000c\000t\000o\000r\000\040\000\046\000\040\000D\000e\000s\000t\000r\000u\000c\000t\000o\000r\000\040\000D\000o\000c\000u\000m\000e\000n\000t\000a\000t\000i\000o\000n}{section.5.2}
\BOOKMARK [3][-]{subsubsection.5.2.2.1}{\376\377\000F\000o\000n\000t\000C\000o\000l\000o\000r}{subsection.5.2.2}
\BOOKMARK [3][-]{subsubsection.5.2.2.2}{\376\377\000F\000o\000n\000t\000C\000o\000l\000o\000r}{subsection.5.2.2}
\BOOKMARK [3][-]{subsubsection.5.2.2.3}{\376\377\000F\000o\000n\000t\000C\000o\000l\000o\000r}{subsection.5.2.2}
\BOOKMARK [1][-]{section.5.3}{\376\377\000P\000i\000x\000e\000l\000\040\000C\000l\000a\000s\000s\000\040\000R\000e\000f\000e\000r\000e\000n\000c\000e}{chapter.5}
\BOOKMARK [2][-]{subsection.5.3.1}{\376\377\000D\000e\000t\000a\000i\000l\000e\000d\000\040\000D\000e\000s\000c\000r\000i\000p\000t\000i\000o\000n}{section.5.3}
\BOOKMARK [2][-]{subsection.5.3.2}{\376\377\000C\000o\000n\000s\000t\000r\000u\000c\000t\000o\000r\000\040\000\046\000\040\000D\000e\000s\000t\000r\000u\000c\000t\000o\000r\000\040\000D\000o\000c\000u\000m\000e\000n\000t\000a\000t\000i\000o\000n}{section.5.3}
\BOOKMARK [3][-]{subsubsection.5.3.2.1}{\376\377\000P\000i\000x\000e\000l}{subsection.5.3.2}
\BOOKMARK [3][-]{subsubsection.5.3.2.2}{\376\377\000P\000i\000x\000e\000l}{subsection.5.3.2}
\BOOKMARK [3][-]{subsubsection.5.3.2.3}{\376\377\000P\000i\000x\000e\000l}{subsection.5.3.2}
\BOOKMARK [3][-]{subsubsection.5.3.2.4}{\376\377\000P\000i\000x\000e\000l}{subsection.5.3.2}
\BOOKMARK [3][-]{subsubsection.5.3.2.5}{\376\377\000P\000i\000x\000e\000l}{subsection.5.3.2}
\BOOKMARK [3][-]{subsubsection.5.3.2.6}{\376\377\000P\000i\000x\000e\000l}{subsection.5.3.2}
\BOOKMARK [3][-]{subsubsection.5.3.2.7}{\376\377\000P\000i\000x\000e\000l}{subsection.5.3.2}
\BOOKMARK [2][-]{subsection.5.3.3}{\376\377\000M\000e\000m\000b\000e\000r\000\040\000F\000u\000n\000c\000t\000i\000o\000n\000\040\000D\000o\000c\000u\000m\000e\000n\000t\000a\000t\000i\000o\000n}{section.5.3}
\BOOKMARK [3][-]{subsubsection.5.3.3.1}{\376\377\000g\000e\000t\000X}{subsection.5.3.3}
\BOOKMARK [3][-]{subsubsection.5.3.3.2}{\376\377\000g\000e\000t\000Y}{subsection.5.3.3}
\BOOKMARK [3][-]{subsubsection.5.3.3.3}{\376\377\000g\000e\000t\000G\000r\000a\000y\000L\000e\000v\000e\000l}{subsection.5.3.3}
\BOOKMARK [3][-]{subsubsection.5.3.3.4}{\376\377\000g\000e\000t\000C\000o\000l\000o\000r}{subsection.5.3.3}
\BOOKMARK [3][-]{subsubsection.5.3.3.5}{\376\377\000g\000e\000t\000F\000o\000r\000e\000g\000r\000o\000u\000n\000d}{subsection.5.3.3}
\BOOKMARK [3][-]{subsubsection.5.3.3.6}{\376\377\000s\000e\000t\000C\000o\000l\000o\000r}{subsection.5.3.3}
\BOOKMARK [3][-]{subsubsection.5.3.3.7}{\376\377\000s\000e\000t\000C\000o\000l\000o\000r}{subsection.5.3.3}
\BOOKMARK [3][-]{subsubsection.5.3.3.8}{\376\377\000s\000e\000t\000C\000o\000l\000o\000r}{subsection.5.3.3}
\BOOKMARK [3][-]{subsubsection.5.3.3.9}{\376\377\000s\000e\000t\000C\000o\000l\000o\000r}{subsection.5.3.3}
\BOOKMARK [3][-]{subsubsection.5.3.3.10}{\376\377\000s\000e\000t\000C\000o\000l\000o\000r}{subsection.5.3.3}
\BOOKMARK [3][-]{subsubsection.5.3.3.11}{\376\377\000s\000e\000t\000C\000o\000l\000o\000r}{subsection.5.3.3}
\BOOKMARK [1][-]{section.5.4}{\376\377\000S\000t\000a\000t\000i\000s\000t\000i\000c\000s\000\040\000S\000t\000r\000u\000c\000t\000\040\000R\000e\000f\000e\000r\000e\000n\000c\000e}{chapter.5}
\BOOKMARK [2][-]{subsection.5.4.1}{\376\377\000D\000e\000t\000a\000i\000l\000e\000d\000\040\000D\000e\000s\000c\000r\000i\000p\000t\000i\000o\000n}{section.5.4}
\BOOKMARK [2][-]{subsection.5.4.2}{\376\377\000C\000o\000n\000s\000t\000r\000u\000c\000t\000o\000r\000\040\000\046\000\040\000D\000e\000s\000t\000r\000u\000c\000t\000o\000r\000\040\000D\000o\000c\000u\000m\000e\000n\000t\000a\000t\000i\000o\000n}{section.5.4}
\BOOKMARK [3][-]{subsubsection.5.4.2.1}{\376\377\000S\000t\000a\000t\000i\000s\000t\000i\000c\000s}{subsection.5.4.2}
\BOOKMARK [3][-]{subsubsection.5.4.2.2}{\376\377\000S\000t\000a\000t\000i\000s\000t\000i\000c\000s}{subsection.5.4.2}
\BOOKMARK [1][-]{section.5.5}{\376\377\000S\000t\000y\000l\000e\000\040\000C\000l\000a\000s\000s\000\040\000R\000e\000f\000e\000r\000e\000n\000c\000e}{chapter.5}
\BOOKMARK [2][-]{subsection.5.5.1}{\376\377\000D\000e\000t\000a\000i\000l\000e\000d\000\040\000D\000e\000s\000c\000r\000i\000p\000t\000i\000o\000n}{section.5.5}
\BOOKMARK [2][-]{subsection.5.5.2}{\376\377\000C\000o\000n\000s\000t\000r\000u\000c\000t\000o\000r\000\040\000\046\000\040\000D\000e\000s\000t\000r\000u\000c\000t\000o\000r\000\040\000D\000o\000c\000u\000m\000e\000n\000t\000a\000t\000i\000o\000n}{section.5.5}
\BOOKMARK [3][-]{subsubsection.5.5.2.1}{\376\377\000S\000t\000y\000l\000e}{subsection.5.5.2}
\BOOKMARK [3][-]{subsubsection.5.5.2.2}{\376\377\000S\000t\000y\000l\000e}{subsection.5.5.2}
\BOOKMARK [3][-]{subsubsection.5.5.2.3}{\376\377\000S\000t\000y\000l\000e}{subsection.5.5.2}
\BOOKMARK [2][-]{subsection.5.5.3}{\376\377\000M\000e\000m\000b\000e\000r\000\040\000F\000u\000n\000c\000t\000i\000o\000n\000\040\000D\000o\000c\000u\000m\000e\000n\000t\000a\000t\000i\000o\000n}{section.5.5}
\BOOKMARK [3][-]{subsubsection.5.5.3.1}{\376\377\000i\000s\000B\000o\000l\000d}{subsection.5.5.3}
\BOOKMARK [3][-]{subsubsection.5.5.3.2}{\376\377\000i\000s\000I\000t\000a\000l\000i\000c}{subsection.5.5.3}
\BOOKMARK [3][-]{subsubsection.5.5.3.3}{\376\377\000i\000s\000U\000n\000d\000e\000r\000l\000i\000n\000e\000d}{subsection.5.5.3}
\BOOKMARK [3][-]{subsubsection.5.5.3.4}{\376\377\000i\000s\000N\000o\000r\000m\000a\000l}{subsection.5.5.3}
\BOOKMARK [3][-]{subsubsection.5.5.3.5}{\376\377\000g\000e\000t\000S\000i\000z\000e}{subsection.5.5.3}
\BOOKMARK [3][-]{subsubsection.5.5.3.6}{\376\377\000s\000e\000t\000S\000i\000z\000e}{subsection.5.5.3}
\BOOKMARK [3][-]{subsubsection.5.5.3.7}{\376\377\000g\000e\000t\000C\000o\000l\000o\000r}{subsection.5.5.3}
\BOOKMARK [3][-]{subsubsection.5.5.3.8}{\376\377\000s\000e\000t\000C\000o\000l\000o\000r}{subsection.5.5.3}
\BOOKMARK [3][-]{subsubsection.5.5.3.9}{\376\377\000s\000e\000t\000C\000o\000l\000o\000r}{subsection.5.5.3}
\BOOKMARK [3][-]{subsubsection.5.5.3.10}{\376\377\000g\000e\000t\000W\000e\000i\000g\000h\000t}{subsection.5.5.3}
\BOOKMARK [3][-]{subsubsection.5.5.3.11}{\376\377\000s\000e\000t\000W\000e\000i\000g\000h\000t}{subsection.5.5.3}
\BOOKMARK [1][-]{section.5.6}{\376\377\000T\000e\000x\000t\000\040\000C\000l\000a\000s\000s\000\040\000R\000e\000f\000e\000r\000e\000n\000c\000e}{chapter.5}
\BOOKMARK [2][-]{subsection.5.6.1}{\376\377\000D\000e\000t\000a\000i\000l\000e\000d\000\040\000D\000e\000s\000c\000r\000i\000p\000t\000i\000o\000n}{section.5.6}
\BOOKMARK [2][-]{subsection.5.6.2}{\376\377\000C\000o\000n\000s\000t\000r\000u\000c\000t\000o\000r\000\040\000\046\000\040\000D\000e\000s\000t\000r\000u\000c\000t\000o\000r\000\040\000D\000o\000c\000u\000m\000e\000n\000t\000a\000t\000i\000o\000n}{section.5.6}
\BOOKMARK [3][-]{subsubsection.5.6.2.1}{\376\377\000T\000e\000x\000t}{subsection.5.6.2}
\BOOKMARK [3][-]{subsubsection.5.6.2.2}{\376\377\000T\000e\000x\000t}{subsection.5.6.2}
\BOOKMARK [3][-]{subsubsection.5.6.2.3}{\376\377\000T\000e\000x\000t}{subsection.5.6.2}
\BOOKMARK [3][-]{subsubsection.5.6.2.4}{\376\377\000T\000e\000x\000t}{subsection.5.6.2}
\BOOKMARK [2][-]{subsection.5.6.3}{\376\377\000M\000e\000m\000b\000e\000r\000\040\000F\000u\000n\000c\000t\000i\000o\000n\000\040\000D\000o\000c\000u\000m\000e\000n\000t\000a\000t\000i\000o\000n}{section.5.6}
\BOOKMARK [3][-]{subsubsection.5.6.3.1}{\376\377\000a\000d\000d\000C\000h\000a\000r\000a\000c\000t\000e\000r}{subsection.5.6.3}
\BOOKMARK [3][-]{subsubsection.5.6.3.2}{\376\377\000a\000d\000d\000C\000h\000a\000r\000a\000c\000t\000e\000r}{subsection.5.6.3}
\BOOKMARK [3][-]{subsubsection.5.6.3.3}{\376\377\000a\000d\000d\000C\000h\000a\000r\000a\000c\000t\000e\000r}{subsection.5.6.3}
\BOOKMARK [3][-]{subsubsection.5.6.3.4}{\376\377\000a\000d\000d\000C\000h\000a\000r\000a\000c\000t\000e\000r}{subsection.5.6.3}
\BOOKMARK [3][-]{subsubsection.5.6.3.5}{\376\377\000r\000e\000m\000o\000v\000e\000C\000h\000a\000r\000a\000c\000t\000e\000r}{subsection.5.6.3}
\BOOKMARK [3][-]{subsubsection.5.6.3.6}{\376\377\000g\000e\000t\000C\000h\000a\000r\000a\000c\000t\000e\000r\000S\000t\000y\000l\000e}{subsection.5.6.3}
\BOOKMARK [3][-]{subsubsection.5.6.3.7}{\376\377\000s\000e\000t\000C\000h\000a\000r\000a\000c\000t\000e\000r\000S\000t\000y\000l\000e}{subsection.5.6.3}
\BOOKMARK [3][-]{subsubsection.5.6.3.8}{\376\377\000g\000e\000t\000C\000o\000n\000t\000e\000n\000t}{subsection.5.6.3}
\BOOKMARK [3][-]{subsubsection.5.6.3.9}{\376\377\000s\000e\000t\000C\000o\000n\000t\000e\000n\000t}{subsection.5.6.3}
\BOOKMARK [3][-]{subsubsection.5.6.3.10}{\376\377\000g\000e\000t\000S\000t\000y\000l\000e\000s}{subsection.5.6.3}
\BOOKMARK [3][-]{subsubsection.5.6.3.11}{\376\377\000s\000e\000t\000S\000t\000y\000l\000e\000s}{subsection.5.6.3}
\BOOKMARK [3][-]{subsubsection.5.6.3.12}{\376\377\000g\000e\000t\000L\000e\000n\000g\000t\000h}{subsection.5.6.3}
\BOOKMARK [3][-]{subsubsection.5.6.3.13}{\376\377\000g\000e\000t\000W\000o\000r\000d\000R\000a\000t\000e\000s}{subsection.5.6.3}
\BOOKMARK [3][-]{subsubsection.5.6.3.14}{\376\377\000g\000e\000t\000P\000r\000o\000p\000o\000r\000t\000i\000o\000n\000a\000l\000i\000t\000y}{subsection.5.6.3}
\BOOKMARK [3][-]{subsubsection.5.6.3.15}{\376\377\000s\000e\000t\000P\000r\000o\000p\000o\000r\000t\000i\000o\000n\000a\000l\000i\000t\000y}{subsection.5.6.3}
\BOOKMARK [3][-]{subsubsection.5.6.3.16}{\376\377\000c\000o\000m\000p\000u\000t\000e\000W\000o\000r\000d\000R\000a\000t\000e\000s}{subsection.5.6.3}
\BOOKMARK [3][-]{subsubsection.5.6.3.17}{\376\377\000u\000p\000d\000a\000t\000e\000W\000o\000r\000d\000R\000a\000t\000e}{subsection.5.6.3}
\BOOKMARK [3][-]{subsubsection.5.6.3.18}{\376\377\000t\000o\000k\000e\000n\000i\000z\000e}{subsection.5.6.3}
\BOOKMARK [0][-]{chapter.6}{\376\377\000F\000i\000l\000e\000\040\000D\000o\000c\000u\000m\000e\000n\000t\000a\000t\000i\000o\000n}{}
\BOOKMARK [1][-]{section.6.1}{\376\377\000C\000l\000i\000p\000.\000h\000\040\000F\000i\000l\000e\000\040\000R\000e\000f\000e\000r\000e\000n\000c\000e}{chapter.6}
\BOOKMARK [2][-]{subsection.6.1.1}{\376\377\000D\000e\000t\000a\000i\000l\000e\000d\000\040\000D\000e\000s\000c\000r\000i\000p\000t\000i\000o\000n}{section.6.1}
\BOOKMARK [1][-]{section.6.2}{\376\377\000C\000o\000l\000o\000r\000s\000p\000a\000c\000e\000.\000h\000\040\000F\000i\000l\000e\000\040\000R\000e\000f\000e\000r\000e\000n\000c\000e}{chapter.6}
\BOOKMARK [2][-]{subsection.6.2.1}{\376\377\000D\000e\000t\000a\000i\000l\000e\000d\000\040\000D\000e\000s\000c\000r\000i\000p\000t\000i\000o\000n}{section.6.2}
\BOOKMARK [2][-]{subsection.6.2.2}{\376\377\000E\000n\000u\000m\000e\000r\000a\000t\000i\000o\000n\000\040\000T\000y\000p\000e\000\040\000D\000o\000c\000u\000m\000e\000n\000t\000a\000t\000i\000o\000n}{section.6.2}
\BOOKMARK [3][-]{subsubsection.6.2.2.1}{\376\377\000C\000o\000l\000o\000r\000s\000p\000a\000c\000e}{subsection.6.2.2}
\BOOKMARK [1][-]{section.6.3}{\376\377\000F\000o\000n\000t\000C\000o\000l\000o\000r\000.\000h\000\040\000F\000i\000l\000e\000\040\000R\000e\000f\000e\000r\000e\000n\000c\000e}{chapter.6}
\BOOKMARK [2][-]{subsection.6.3.1}{\376\377\000D\000e\000t\000a\000i\000l\000e\000d\000\040\000D\000e\000s\000c\000r\000i\000p\000t\000i\000o\000n}{section.6.3}
\BOOKMARK [1][-]{section.6.4}{\376\377\000F\000o\000n\000t\000P\000r\000o\000p\000o\000r\000t\000i\000o\000n\000a\000l\000i\000t\000y\000.\000h\000\040\000F\000i\000l\000e\000\040\000R\000e\000f\000e\000r\000e\000n\000c\000e}{chapter.6}
\BOOKMARK [2][-]{subsection.6.4.1}{\376\377\000D\000e\000t\000a\000i\000l\000e\000d\000\040\000D\000e\000s\000c\000r\000i\000p\000t\000i\000o\000n}{section.6.4}
\BOOKMARK [2][-]{subsection.6.4.2}{\376\377\000E\000n\000u\000m\000e\000r\000a\000t\000i\000o\000n\000\040\000T\000y\000p\000e\000\040\000D\000o\000c\000u\000m\000e\000n\000t\000a\000t\000i\000o\000n}{section.6.4}
\BOOKMARK [3][-]{subsubsection.6.4.2.1}{\376\377\000F\000o\000n\000t\000P\000r\000o\000p\000o\000r\000t\000i\000o\000n\000a\000l\000i\000t\000y}{subsection.6.4.2}
\BOOKMARK [1][-]{section.6.5}{\376\377\000F\000o\000n\000t\000W\000e\000i\000g\000h\000t\000.\000h\000\040\000F\000i\000l\000e\000\040\000R\000e\000f\000e\000r\000e\000n\000c\000e}{chapter.6}
\BOOKMARK [2][-]{subsection.6.5.1}{\376\377\000D\000e\000t\000a\000i\000l\000e\000d\000\040\000D\000e\000s\000c\000r\000i\000p\000t\000i\000o\000n}{section.6.5}
\BOOKMARK [2][-]{subsection.6.5.2}{\376\377\000E\000n\000u\000m\000e\000r\000a\000t\000i\000o\000n\000\040\000T\000y\000p\000e\000\040\000D\000o\000c\000u\000m\000e\000n\000t\000a\000t\000i\000o\000n}{section.6.5}
\BOOKMARK [3][-]{subsubsection.6.5.2.1}{\376\377\000F\000o\000n\000t\000W\000e\000i\000g\000h\000t}{subsection.6.5.2}
\BOOKMARK [1][-]{section.6.6}{\376\377\000P\000i\000x\000e\000l\000.\000h\000\040\000F\000i\000l\000e\000\040\000R\000e\000f\000e\000r\000e\000n\000c\000e}{chapter.6}
\BOOKMARK [2][-]{subsection.6.6.1}{\376\377\000D\000e\000t\000a\000i\000l\000e\000d\000\040\000D\000e\000s\000c\000r\000i\000p\000t\000i\000o\000n}{section.6.6}
\BOOKMARK [1][-]{section.6.7}{\376\377\000S\000t\000a\000t\000i\000s\000t\000i\000c\000s\000.\000h\000\040\000F\000i\000l\000e\000\040\000R\000e\000f\000e\000r\000e\000n\000c\000e}{chapter.6}
\BOOKMARK [2][-]{subsection.6.7.1}{\376\377\000D\000e\000t\000a\000i\000l\000e\000d\000\040\000D\000e\000s\000c\000r\000i\000p\000t\000i\000o\000n}{section.6.7}
\BOOKMARK [1][-]{section.6.8}{\376\377\000S\000t\000y\000l\000e\000.\000h\000\040\000F\000i\000l\000e\000\040\000R\000e\000f\000e\000r\000e\000n\000c\000e}{chapter.6}
\BOOKMARK [2][-]{subsection.6.8.1}{\376\377\000D\000e\000t\000a\000i\000l\000e\000d\000\040\000D\000e\000s\000c\000r\000i\000p\000t\000i\000o\000n}{section.6.8}
\BOOKMARK [1][-]{section.6.9}{\376\377\000T\000e\000x\000t\000.\000h\000\040\000F\000i\000l\000e\000\040\000R\000e\000f\000e\000r\000e\000n\000c\000e}{chapter.6}
\BOOKMARK [2][-]{subsection.6.9.1}{\376\377\000D\000e\000t\000a\000i\000l\000e\000d\000\040\000D\000e\000s\000c\000r\000i\000p\000t\000i\000o\000n}{section.6.9}
\BOOKMARK [1][-]{section.6.10}{\376\377\000W\000o\000r\000d\000R\000a\000t\000e\000.\000h\000\040\000F\000i\000l\000e\000\040\000R\000e\000f\000e\000r\000e\000n\000c\000e}{chapter.6}
\BOOKMARK [2][-]{subsection.6.10.1}{\376\377\000D\000e\000t\000a\000i\000l\000e\000d\000\040\000D\000e\000s\000c\000r\000i\000p\000t\000i\000o\000n}{section.6.10}
\BOOKMARK [2][-]{subsection.6.10.2}{\376\377\000T\000y\000p\000e\000d\000e\000f\000\040\000D\000o\000c\000u\000m\000e\000n\000t\000a\000t\000i\000o\000n}{section.6.10}
\BOOKMARK [3][-]{subsubsection.6.10.2.1}{\376\377\000W\000o\000r\000d\000R\000a\000t\000e}{subsection.6.10.2}
